<?xml version="1.0" encoding="UTF-8"?>
<!-- Generated by org.testng.reporters.JUnitReportReporter -->
<testsuite hostname="DESKTOP-PKR1IH4" failures="0" tests="2" name="TestNG_Projects.Cross_Browser_IDFC" time="63.358" errors="0" timestamp="2022-12-16T11:48:39 IST" skipped="0">
  <testcase classname="TestNG_Projects.Cross_Browser_IDFC" name="IDFC" time="24.097"/>
  <system-out/>
  <testcase classname="TestNG_Projects.Cross_Browser_IDFC" name="IDFC" time="39.261"/>
  <system-out/>
</testsuite> <!-- TestNG_Projects.Cross_Browser_IDFC -->
