<?xml version="1.0" encoding="UTF-8"?>
<!-- Generated by org.testng.reporters.JUnitReportReporter -->
<testsuite hostname="DESKTOP-PKR1IH4" failures="0" tests="1" name="com.Tools.Calender_li" time="24.715" errors="0" timestamp="2022-11-23T11:49:43 IST" skipped="0">
  <testcase classname="com.Tools.Calender_li" name="Launch" time="24.715"/>
  <system-out/>
</testsuite> <!-- com.Tools.Calender_li -->
