<?xml version="1.0" encoding="UTF-8"?>
<!-- Generated by org.testng.reporters.JUnitReportReporter -->
<testsuite hostname="DESKTOP-PKR1IH4" failures="0" tests="2" name="TestNG_Projects.SendDataToClass" time="0.023" errors="0" timestamp="2023-09-13T18:25:16 IST" skipped="0">
  <testcase classname="TestNG_Projects.SendDataToClass" name="DateFromDataprovider" time="0.003"/>
  <system-out/>
  <testcase classname="TestNG_Projects.SendDataToClass" name="DateFromDataprovider" time="0.020"/>
  <system-out/>
</testsuite> <!-- TestNG_Projects.SendDataToClass -->
