<?xml version="1.0" encoding="UTF-8"?>
<!-- Generated by org.testng.reporters.JUnitReportReporter -->
<testsuite hostname="DESKTOP-PKR1IH4" failures="0" tests="1" name="Mail.Mail_Test" time="21.455" errors="0" timestamp="2023-10-01T23:00:35 IST" skipped="0">
  <testcase classname="Mail.Mail_Test" name="Send_Mail" time="21.455"/>
  <system-out/>
</testsuite> <!-- Mail.Mail_Test -->
