<?xml version="1.0" encoding="UTF-8"?>
<!-- Generated by org.testng.reporters.JUnitReportReporter -->
<testsuite hostname="DESKTOP-PKR1IH4" failures="0" tests="2" name="TestNG_Projects.Datapropiver" time="28.329" errors="0" timestamp="2023-09-13T18:15:32 IST" skipped="0">
  <testcase classname="TestNG_Projects.Datapropiver" name="dataprovider_s" time="14.606"/>
  <system-out/>
  <testcase classname="TestNG_Projects.Datapropiver" name="dataprovider_s" time="13.723"/>
  <system-out/>
</testsuite> <!-- TestNG_Projects.Datapropiver -->
